Arguments: 
  /usr/local/bin/node /usr/local/bin/yarn add prettier

PATH: 
  /usr/local/bin:/usr/bin:/bin:/usr/sbin:/sbin

Yarn version: 
  1.22.19

Node version: 
  16.20.0

Platform: 
  darwin x64

Trace: 
  SyntaxError: /Users/lz/Desktop/@wr/eslint-config-cli/package.json: Unexpected token } in JSON at position 562
      at JSON.parse (<anonymous>)
      at /usr/local/lib/node_modules/yarn/lib/cli.js:1629:59
      at Generator.next (<anonymous>)
      at step (/usr/local/lib/node_modules/yarn/lib/cli.js:310:30)
      at /usr/local/lib/node_modules/yarn/lib/cli.js:321:13

npm manifest: 
  {
    "name": "eslint-config-cli",
    "version": "0.0.7",
    "description": "",
    "main": "index.js",
    "scripts": {
      "test": "echo \"Error: no test specified\" && exit 1"
    },
    "peerDependencies": {
      "eslint-config-prettier": "^8.6.0",
      "eslint-plugin-import": "^2.27.5",
      "eslint-plugin-jsx-a11y": "^6.4.1",
      "eslint-plugin-prettier": "^4.2.1",
      "eslint-plugin-react": "^7.32.2",
      "eslint-plugin-react-hooks": "^4.2.0",
      "@typescript-eslint/eslint-plugin": "^5.50.0",
      "@typescript-eslint/parser": "^5.50.0",
      "eslint": "^8.45.0",
    },
    "files": [
      "eslintrc.json",
      "index.js"
    ],
    "author": "renren.wang <1011420784@qq.com>",
    "license": "ISC"
  }

yarn manifest: 
  No manifest

Lockfile: 
  No lockfile
